d:\github\fggc-sem2\physics framework\debug\vc142.pdb
d:\github\fggc-sem2\physics framework\debug\vc142.idb
d:\github\fggc-sem2\physics framework\debug\vector3d.obj
d:\github\fggc-sem2\physics framework\debug\transform.obj
d:\github\fggc-sem2\physics framework\debug\particlesystem.obj
d:\github\fggc-sem2\physics framework\debug\particlemodel.obj
d:\github\fggc-sem2\physics framework\debug\objloader.obj
d:\github\fggc-sem2\physics framework\debug\gameobject.obj
d:\github\fggc-sem2\physics framework\debug\main.obj
d:\github\fggc-sem2\physics framework\debug\debug.obj
d:\github\fggc-sem2\physics framework\debug\ddstextureloader.obj
d:\github\fggc-sem2\physics framework\debug\camera.obj
d:\github\fggc-sem2\physics framework\debug\application.obj
d:\github\fggc-sem2\physics framework\debug\appearance.obj
d:\github\fggc-sem2\physics framework\debug\dx11 framework.exe
d:\github\fggc-sem2\physics framework\debug\dx11 framework.ilk
d:\github\fggc-sem2\physics framework\debug\dx11 framework.pdb
d:\github\fggc-sem2\physics framework\debug\dx11 framework.res
d:\github\fggc-sem2\physics framework\debug\cube.obj
d:\github\fggc-sem2\physics framework\debug\donut.obj
d:\github\fggc-sem2\physics framework\debug\hercules.obj
d:\github\fggc-sem2\physics framework\debug\torusknot.obj
d:\github\fggc-sem2\physics framework\debug\dx11 framework.tlog\cl.command.1.tlog
d:\github\fggc-sem2\physics framework\debug\dx11 framework.tlog\cl.read.1.tlog
d:\github\fggc-sem2\physics framework\debug\dx11 framework.tlog\cl.write.1.tlog
d:\github\fggc-sem2\physics framework\debug\dx11 framework.tlog\link.command.1.tlog
d:\github\fggc-sem2\physics framework\debug\dx11 framework.tlog\link.read.1.tlog
d:\github\fggc-sem2\physics framework\debug\dx11 framework.tlog\link.write.1.tlog
d:\github\fggc-sem2\physics framework\debug\dx11 framework.tlog\rc.command.1.tlog
d:\github\fggc-sem2\physics framework\debug\dx11 framework.tlog\rc.read.1.tlog
d:\github\fggc-sem2\physics framework\debug\dx11 framework.tlog\rc.write.1.tlog
